<?xml version="1.0" encoding="UTF-8"?>
<testng-results ignored="0" total="1" passed="1" failed="0" skipped="0">
  <reporter-output>
  </reporter-output>
  <suite started-at="2024-09-17T15:38:05 IST" name="Master" finished-at="2024-09-17T15:38:13 IST" duration-ms="7615">
    <groups>
    </groups>
    <test started-at="2024-09-17T15:38:05 IST" name="Test" finished-at="2024-09-17T15:38:13 IST" duration-ms="7615">
      <class name="testCases.TC001_LoginTest">
        <test-method is-config="true" signature="setup(java.lang.String,java.lang.String)[pri:0, instance:testCases.TC001_LoginTest@5e1fa5b1]" started-at="2024-09-17T15:38:05 IST" name="setup" finished-at="2024-09-17T15:38:11 IST" duration-ms="5529" status="PASS">
          <params>
            <param index="0">
              <value>
                <![CDATA[windows]]>
              </value>
            </param>
            <param index="1">
              <value>
                <![CDATA[chrome]]>
              </value>
            </param>
          </params>
          <reporter-output>
          </reporter-output>
        </test-method> <!-- setup -->
        <test-method signature="LoginTest()[pri:0, instance:testCases.TC001_LoginTest@5e1fa5b1]" started-at="2024-09-17T15:38:11 IST" name="LoginTest" finished-at="2024-09-17T15:38:12 IST" duration-ms="1717" status="PASS">
          <reporter-output>
          </reporter-output>
        </test-method> <!-- LoginTest -->
        <test-method is-config="true" signature="teardown()[pri:0, instance:testCases.TC001_LoginTest@5e1fa5b1]" started-at="2024-09-17T15:38:12 IST" name="teardown" finished-at="2024-09-17T15:38:13 IST" duration-ms="173" status="PASS">
          <reporter-output>
          </reporter-output>
        </test-method> <!-- teardown -->
      </class> <!-- testCases.TC001_LoginTest -->
    </test> <!-- Test -->
  </suite> <!-- Master -->
</testng-results>
