<?xml version="1.0" encoding="UTF-8"?>
<testng-results ignored="0" total="1" passed="1" failed="0" skipped="0">
  <reporter-output>
  </reporter-output>
  <suite started-at="2024-09-17T15:24:12 IST" name="CrossBrowser" finished-at="2024-09-17T15:24:37 IST" duration-ms="24861">
    <groups>
    </groups>
    <test started-at="2024-09-17T15:24:12 IST" name="TestEdge" finished-at="2024-09-17T15:24:37 IST" duration-ms="24861">
      <class name="testCases.TC001_LoginTest">
        <test-method is-config="true" signature="setup(java.lang.String,java.lang.String)[pri:0, instance:testCases.TC001_LoginTest@4985cbcb]" started-at="2024-09-17T15:24:12 IST" name="setup" finished-at="2024-09-17T15:24:34 IST" duration-ms="21388" status="PASS">
          <params>
            <param index="0">
              <value>
                <![CDATA[windows]]>
              </value>
            </param>
            <param index="1">
              <value>
                <![CDATA[edge]]>
              </value>
            </param>
          </params>
          <reporter-output>
          </reporter-output>
        </test-method> <!-- setup -->
        <test-method signature="LoginTest()[pri:0, instance:testCases.TC001_LoginTest@4985cbcb]" started-at="2024-09-17T15:24:34 IST" name="LoginTest" finished-at="2024-09-17T15:24:35 IST" duration-ms="1853" status="PASS">
          <reporter-output>
          </reporter-output>
        </test-method> <!-- LoginTest -->
        <test-method is-config="true" signature="teardown()[pri:0, instance:testCases.TC001_LoginTest@4985cbcb]" started-at="2024-09-17T15:24:35 IST" name="teardown" finished-at="2024-09-17T15:24:37 IST" duration-ms="1368" status="PASS">
          <reporter-output>
          </reporter-output>
        </test-method> <!-- teardown -->
      </class> <!-- testCases.TC001_LoginTest -->
    </test> <!-- TestEdge -->
  </suite> <!-- CrossBrowser -->
</testng-results>
