<?xml version="1.0" encoding="UTF-8"?>
<!-- Generated by org.testng.reporters.JUnitXMLReporter -->
<testsuite ignored="0" hostname="AFZAL" failures="3" tests="4" name="Test" time="50.419" errors="0" timestamp="2024-09-17T01:58:03 IST">
  <testcase classname="testCases.TC003_loginTestDDT" name="LoginTest" time="11.067">
    <failure type="java.lang.AssertionError" message="null">
      <![CDATA[java.lang.AssertionError: null
at testCases.TC003_loginTestDDT.LoginTest(TC003_loginTestDDT.java:55)
at java.base/java.util.ArrayList.forEach(ArrayList.java:1511)
... Removed 29 stack frames]]>
    </failure>
  </testcase> <!-- LoginTest -->
  <testcase classname="testCases.TC003_loginTestDDT" name="LoginTest" time="11.169">
    <failure type="java.lang.AssertionError" message="null">
      <![CDATA[java.lang.AssertionError: null
at testCases.TC003_loginTestDDT.LoginTest(TC003_loginTestDDT.java:55)
at java.base/java.util.ArrayList.forEach(ArrayList.java:1511)
... Removed 29 stack frames]]>
    </failure>
  </testcase> <!-- LoginTest -->
  <testcase classname="testCases.TC003_loginTestDDT" name="LoginTest" time="7.389"/>
  <testcase classname="testCases.TC003_loginTestDDT" name="LoginTest" time="11.205">
    <failure type="java.lang.AssertionError" message="null">
      <![CDATA[java.lang.AssertionError: null
at testCases.TC003_loginTestDDT.LoginTest(TC003_loginTestDDT.java:55)
at java.base/java.util.ArrayList.forEach(ArrayList.java:1511)
... Removed 29 stack frames]]>
    </failure>
  </testcase> <!-- LoginTest -->
</testsuite> <!-- Test -->
